<?xml version="1.0" encoding="UTF-8"?>
<!-- Generated by org.testng.reporters.JUnitReportReporter -->
<testsuite hostname="DESKTOP-T0HSRK8" failures="0" tests="1" name="tests.Test01" time="24.729" errors="0" timestamp="2025-03-18T12:52:33 IST" skipped="0">
  <testcase classname="tests.Test01" name="testEcommerce" time="24.729"/>
  <system-out/>
</testsuite> <!-- tests.Test01 -->
