<?xml version="1.0" encoding="UTF-8"?>
<!-- Generated by org.testng.reporters.JUnitReportReporter -->
<testsuite hostname="DESKTOP-T0HSRK8" failures="0" tests="1" name="tests.Test01" time="35.660" errors="0" timestamp="2025-03-20T19:13:07 IST" skipped="0">
  <testcase classname="tests.Test01" name="testEcommerce" time="35.660"/>
</testsuite> <!-- tests.Test01 -->
